{
  "uid" : "7192b658d1894e9a",
  "name" : "test_genderInfo",
  "fullName" : "test_041_changePersonalInformation.Test_changePersonalInformation#test_genderInfo",
  "historyId" : "1e8bc1892d8780b08f963d533673da8b",
  "time" : {
    "start" : 1587004141955,
    "stop" : 1587004220325,
    "duration" : 78370
  },
  "status" : "failed",
  "statusMessage" : "AssertionError: assert False == True\n  -False\n  +True",
  "statusTrace" : "self = <scripts.test_041_changePersonalInformation.Test_changePersonalInformation object at 0x000001C6509C3B70>\n\n    @allure.story('修改性别信息')\n    def test_genderInfo(self):\n        with allure.step('进入更多页面'):\n            self.page.more().click_more()\n            time.sleep(3)\n        with allure.step('进入个人主页'):\n            self.page.more().click_person()\n        with allure.step('进入修改资料页'):\n            self.page.person_home().click_personInfo()\n        with allure.step('修改性别栏'):\n            self.page.edit_personal_info().click_gender()\n        with allure.step('滑动选择性别'):\n            self.page.edit_personal_info().swipeByGender()\n        with allure.step('提交修改后的性别选择'):\n            self.page.edit_personal_info().click_genderSubmit()\n        with allure.step('点击保存'):\n            self.page.edit_personal_info().click_infoSubmit()\n        with allure.step('校验结果：性别保存成功——>成功'):\n>           assert self.page.person_home().waitAndfind_personInfo() == True\nE           assert False == True\nE             -False\nE             +True\n\ntest_041_changePersonalInformation.py:56: AssertionError",
  "flaky" : true,
  "beforeStages" : [ ],
  "testStage" : {
    "status" : "failed",
    "statusMessage" : "AssertionError: assert False == True\n  -False\n  +True",
    "statusTrace" : "self = <scripts.test_041_changePersonalInformation.Test_changePersonalInformation object at 0x000001C6509C3B70>\n\n    @allure.story('修改性别信息')\n    def test_genderInfo(self):\n        with allure.step('进入更多页面'):\n            self.page.more().click_more()\n            time.sleep(3)\n        with allure.step('进入个人主页'):\n            self.page.more().click_person()\n        with allure.step('进入修改资料页'):\n            self.page.person_home().click_personInfo()\n        with allure.step('修改性别栏'):\n            self.page.edit_personal_info().click_gender()\n        with allure.step('滑动选择性别'):\n            self.page.edit_personal_info().swipeByGender()\n        with allure.step('提交修改后的性别选择'):\n            self.page.edit_personal_info().click_genderSubmit()\n        with allure.step('点击保存'):\n            self.page.edit_personal_info().click_infoSubmit()\n        with allure.step('校验结果：性别保存成功——>成功'):\n>           assert self.page.person_home().waitAndfind_personInfo() == True\nE           assert False == True\nE             -False\nE             +True\n\ntest_041_changePersonalInformation.py:56: AssertionError",
    "steps" : [ {
      "name" : "进入更多页面",
      "time" : {
        "start" : 1587004141955,
        "stop" : 1587004153236,
        "duration" : 11281
      },
      "status" : "passed",
      "steps" : [ ],
      "attachments" : [ ],
      "parameters" : [ ],
      "shouldDisplayMessage" : false,
      "attachmentsCount" : 0,
      "stepsCount" : 0,
      "hasContent" : false
    }, {
      "name" : "进入个人主页",
      "time" : {
        "start" : 1587004153236,
        "stop" : 1587004157794,
        "duration" : 4558
      },
      "status" : "passed",
      "steps" : [ ],
      "attachments" : [ ],
      "parameters" : [ ],
      "shouldDisplayMessage" : false,
      "attachmentsCount" : 0,
      "stepsCount" : 0,
      "hasContent" : false
    }, {
      "name" : "进入修改资料页",
      "time" : {
        "start" : 1587004157794,
        "stop" : 1587004164961,
        "duration" : 7167
      },
      "status" : "passed",
      "steps" : [ ],
      "attachments" : [ ],
      "parameters" : [ ],
      "shouldDisplayMessage" : false,
      "attachmentsCount" : 0,
      "stepsCount" : 0,
      "hasContent" : false
    }, {
      "name" : "修改性别栏",
      "time" : {
        "start" : 1587004164961,
        "stop" : 1587004165757,
        "duration" : 796
      },
      "status" : "passed",
      "steps" : [ ],
      "attachments" : [ ],
      "parameters" : [ ],
      "shouldDisplayMessage" : false,
      "attachmentsCount" : 0,
      "stepsCount" : 0,
      "hasContent" : false
    }, {
      "name" : "滑动选择性别",
      "time" : {
        "start" : 1587004165757,
        "stop" : 1587004165856,
        "duration" : 99
      },
      "status" : "passed",
      "steps" : [ ],
      "attachments" : [ ],
      "parameters" : [ ],
      "shouldDisplayMessage" : false,
      "attachmentsCount" : 0,
      "stepsCount" : 0,
      "hasContent" : false
    }, {
      "name" : "提交修改后的性别选择",
      "time" : {
        "start" : 1587004165856,
        "stop" : 1587004166567,
        "duration" : 711
      },
      "status" : "passed",
      "steps" : [ ],
      "attachments" : [ ],
      "parameters" : [ ],
      "shouldDisplayMessage" : false,
      "attachmentsCount" : 0,
      "stepsCount" : 0,
      "hasContent" : false
    }, {
      "name" : "点击保存",
      "time" : {
        "start" : 1587004166568,
        "stop" : 1587004168884,
        "duration" : 2316
      },
      "status" : "passed",
      "steps" : [ ],
      "attachments" : [ ],
      "parameters" : [ ],
      "shouldDisplayMessage" : false,
      "attachmentsCount" : 0,
      "stepsCount" : 0,
      "hasContent" : false
    }, {
      "name" : "校验结果：性别保存成功——>成功",
      "time" : {
        "start" : 1587004168884,
        "stop" : 1587004220325,
        "duration" : 51441
      },
      "status" : "failed",
      "statusMessage" : "AssertionError: assert False == True\n  -False\n  +True\n",
      "statusTrace" : "  File \"D:\\jenkins\\workspace\\Timing\\scripts\\test_041_changePersonalInformation.py\", line 56, in test_genderInfo\n    assert self.page.person_home().waitAndfind_personInfo() == True\n",
      "steps" : [ ],
      "attachments" : [ ],
      "parameters" : [ ],
      "shouldDisplayMessage" : true,
      "attachmentsCount" : 0,
      "stepsCount" : 0,
      "hasContent" : true
    } ],
    "attachments" : [ ],
    "parameters" : [ ],
    "shouldDisplayMessage" : true,
    "attachmentsCount" : 0,
    "stepsCount" : 8,
    "hasContent" : true
  },
  "afterStages" : [ ],
  "labels" : [ {
    "name" : "feature",
    "value" : "修改个人资料功能，前提：非认证账号"
  }, {
    "name" : "story",
    "value" : "修改性别信息"
  }, {
    "name" : "suite",
    "value" : "test_041_changePersonalInformation"
  }, {
    "name" : "subSuite",
    "value" : "Test_changePersonalInformation"
  }, {
    "name" : "host",
    "value" : "PV-X00232293"
  }, {
    "name" : "thread",
    "value" : "10940-MainThread"
  }, {
    "name" : "framework",
    "value" : "pytest"
  }, {
    "name" : "language",
    "value" : "cpython3"
  }, {
    "name" : "package",
    "value" : "test_041_changePersonalInformation"
  }, {
    "name" : "resultFormat",
    "value" : "allure2"
  } ],
  "parameters" : [ ],
  "links" : [ ],
  "hidden" : false,
  "retry" : false,
  "extra" : {
    "severity" : "normal",
    "retries" : [ {
      "uid" : "2ade54d7a700ce61",
      "status" : "failed",
      "statusDetails" : "AssertionError: assert False == True\n  -False\n  +True",
      "time" : {
        "start" : 1586857122133,
        "stop" : 1586857196252,
        "duration" : 74119
      }
    }, {
      "uid" : "206a10bc38d014de",
      "status" : "failed",
      "statusDetails" : "AssertionError: assert False == True\n  -False\n  +True",
      "time" : {
        "start" : 1586853836141,
        "stop" : 1586853903923,
        "duration" : 67782
      }
    } ],
    "categories" : [ {
      "name" : "Product defects",
      "matchedStatuses" : [ ],
      "flaky" : false
    } ],
    "history" : {
      "statistic" : {
        "failed" : 2,
        "broken" : 0,
        "skipped" : 0,
        "passed" : 0,
        "unknown" : 0,
        "total" : 2
      },
      "items" : [ {
        "uid" : "1e7718c465fb1e17",
        "reportUrl" : "http://192.168.88.58:8080/job/Timing/17/allure/#testresult/1e7718c465fb1e17",
        "status" : "failed",
        "statusDetails" : "AssertionError: assert False == True\n  -False\n  +True",
        "time" : {
          "start" : 1586508575298,
          "stop" : 1586508655666,
          "duration" : 80368
        }
      } ]
    },
    "tags" : [ ]
  },
  "source" : "7192b658d1894e9a.json",
  "parameterValues" : [ ]
}