{
  "uid" : "775d804e215d21c1",
  "name" : "test_logout",
  "fullName" : "test_001_registerAccount.Test_registerAccount#test_logout",
  "historyId" : "afd790239c990a2f0e6479c27d247442",
  "time" : {
    "start" : 1587008218376,
    "stop" : 1587008237202,
    "duration" : 18826
  },
  "status" : "failed",
  "statusMessage" : "AssertionError: assert False == True\n  -False\n  +True",
  "statusTrace" : "self = <scripts.test_001_registerAccount.Test_registerAccount object at 0x00000144F37CA278>\n\n    def test_logout(self):\n        with allure.step('点击更多按钮'):\n            self.page.more().click_more()\n        with allure.step('点击设置按钮'):\n            self.page.more().click_setting()\n        with allure.step('点击退出登录按钮'):\n            self.page.setting().click_logout()\n        with allure.step('确定退出'):\n            self.page.setting().click_confirmLogout()\n        with allure.step('断言:退出登录成功'):\n>           assert self.page.setting().findLogin() == True\nE           assert False == True\nE             -False\nE             +True\n\ntest_001_registerAccount.py:91: AssertionError",
  "flaky" : false,
  "beforeStages" : [ ],
  "testStage" : {
    "status" : "failed",
    "statusMessage" : "AssertionError: assert False == True\n  -False\n  +True",
    "statusTrace" : "self = <scripts.test_001_registerAccount.Test_registerAccount object at 0x00000144F37CA278>\n\n    def test_logout(self):\n        with allure.step('点击更多按钮'):\n            self.page.more().click_more()\n        with allure.step('点击设置按钮'):\n            self.page.more().click_setting()\n        with allure.step('点击退出登录按钮'):\n            self.page.setting().click_logout()\n        with allure.step('确定退出'):\n            self.page.setting().click_confirmLogout()\n        with allure.step('断言:退出登录成功'):\n>           assert self.page.setting().findLogin() == True\nE           assert False == True\nE             -False\nE             +True\n\ntest_001_registerAccount.py:91: AssertionError",
    "steps" : [ {
      "name" : "点击更多按钮",
      "time" : {
        "start" : 1587008218376,
        "stop" : 1587008228734,
        "duration" : 10358
      },
      "status" : "passed",
      "steps" : [ ],
      "attachments" : [ ],
      "parameters" : [ ],
      "hasContent" : false,
      "stepsCount" : 0,
      "shouldDisplayMessage" : false,
      "attachmentsCount" : 0
    }, {
      "name" : "点击设置按钮",
      "time" : {
        "start" : 1587008228734,
        "stop" : 1587008233212,
        "duration" : 4478
      },
      "status" : "passed",
      "steps" : [ ],
      "attachments" : [ ],
      "parameters" : [ ],
      "hasContent" : false,
      "stepsCount" : 0,
      "shouldDisplayMessage" : false,
      "attachmentsCount" : 0
    }, {
      "name" : "点击退出登录按钮",
      "time" : {
        "start" : 1587008233212,
        "stop" : 1587008234085,
        "duration" : 873
      },
      "status" : "passed",
      "steps" : [ ],
      "attachments" : [ ],
      "parameters" : [ ],
      "hasContent" : false,
      "stepsCount" : 0,
      "shouldDisplayMessage" : false,
      "attachmentsCount" : 0
    }, {
      "name" : "确定退出",
      "time" : {
        "start" : 1587008234085,
        "stop" : 1587008237202,
        "duration" : 3117
      },
      "status" : "passed",
      "steps" : [ ],
      "attachments" : [ ],
      "parameters" : [ ],
      "hasContent" : false,
      "stepsCount" : 0,
      "shouldDisplayMessage" : false,
      "attachmentsCount" : 0
    }, {
      "name" : "断言:退出登录成功",
      "time" : {
        "start" : 1587008237202,
        "stop" : 1587008237202,
        "duration" : 0
      },
      "status" : "failed",
      "statusMessage" : "AssertionError: assert False == True\n  -False\n  +True\n",
      "statusTrace" : "  File \"D:\\jenkins\\workspace\\Timing\\scripts\\test_001_registerAccount.py\", line 91, in test_logout\n    assert self.page.setting().findLogin() == True\n",
      "steps" : [ ],
      "attachments" : [ ],
      "parameters" : [ ],
      "hasContent" : true,
      "stepsCount" : 0,
      "shouldDisplayMessage" : true,
      "attachmentsCount" : 0
    } ],
    "attachments" : [ ],
    "parameters" : [ ],
    "hasContent" : true,
    "stepsCount" : 5,
    "shouldDisplayMessage" : true,
    "attachmentsCount" : 0
  },
  "afterStages" : [ ],
  "labels" : [ {
    "name" : "suite",
    "value" : "test_001_registerAccount"
  }, {
    "name" : "subSuite",
    "value" : "Test_registerAccount"
  }, {
    "name" : "host",
    "value" : "PV-X00232293"
  }, {
    "name" : "thread",
    "value" : "948-MainThread"
  }, {
    "name" : "framework",
    "value" : "pytest"
  }, {
    "name" : "language",
    "value" : "cpython3"
  }, {
    "name" : "package",
    "value" : "test_001_registerAccount"
  }, {
    "name" : "resultFormat",
    "value" : "allure2"
  } ],
  "parameters" : [ ],
  "links" : [ ],
  "hidden" : true,
  "retry" : true,
  "extra" : {
    "categories" : [ ],
    "tags" : [ ]
  },
  "source" : "775d804e215d21c1.json",
  "parameterValues" : [ ]
}