{
  "uid" : "9a072603d97eae4a",
  "name" : "test_discussTeam",
  "fullName" : "test_024_createGroup.Test_createGroup#test_discussTeam",
  "historyId" : "c4cdc2cdb79802d3cb94343241d323e3",
  "time" : {
    "start" : 1587003633726,
    "stop" : 1587003712642,
    "duration" : 78916
  },
  "status" : "failed",
  "statusMessage" : "AssertionError: assert False == True\n  -False\n  +True",
  "statusTrace" : "self = <scripts.test_024_createGroup.Test_createGroup object at 0x000001C6509B6470>\n\n    @allure.story('创建讨论组')\n    def test_discussTeam(self):\n        with allure.step('进入更多页面'):\n            self.page.more().click_more()\n            time.sleep(5)\n        with allure.step('滑动更多页面至底部'):\n            self.page.more().swipeByMore()\n        with allure.step('点击学习群'):\n            time.sleep(1)\n            self.page.more().click_group()\n        with allure.step('选择创建学习讨论小组'):\n            self.page.create_group().click_discussTeam()\n            self.page.create_group().click_nextStep()\n            self.page.create_group().click_chooseFriend()\n            self.page.create_group().click_chooseFriendDo()\n>           assert self.page.create_group().waitAndfind_createdDiscussTeam() == True\nE           assert False == True\nE             -False\nE             +True\n\ntest_024_createGroup.py:31: AssertionError",
  "flaky" : true,
  "beforeStages" : [ ],
  "testStage" : {
    "status" : "failed",
    "statusMessage" : "AssertionError: assert False == True\n  -False\n  +True",
    "statusTrace" : "self = <scripts.test_024_createGroup.Test_createGroup object at 0x000001C6509B6470>\n\n    @allure.story('创建讨论组')\n    def test_discussTeam(self):\n        with allure.step('进入更多页面'):\n            self.page.more().click_more()\n            time.sleep(5)\n        with allure.step('滑动更多页面至底部'):\n            self.page.more().swipeByMore()\n        with allure.step('点击学习群'):\n            time.sleep(1)\n            self.page.more().click_group()\n        with allure.step('选择创建学习讨论小组'):\n            self.page.create_group().click_discussTeam()\n            self.page.create_group().click_nextStep()\n            self.page.create_group().click_chooseFriend()\n            self.page.create_group().click_chooseFriendDo()\n>           assert self.page.create_group().waitAndfind_createdDiscussTeam() == True\nE           assert False == True\nE             -False\nE             +True\n\ntest_024_createGroup.py:31: AssertionError",
    "steps" : [ {
      "name" : "进入更多页面",
      "time" : {
        "start" : 1587003633727,
        "stop" : 1587003648332,
        "duration" : 14605
      },
      "status" : "passed",
      "steps" : [ ],
      "attachments" : [ ],
      "parameters" : [ ],
      "shouldDisplayMessage" : false,
      "attachmentsCount" : 0,
      "stepsCount" : 0,
      "hasContent" : false
    }, {
      "name" : "滑动更多页面至底部",
      "time" : {
        "start" : 1587003648332,
        "stop" : 1587003648675,
        "duration" : 343
      },
      "status" : "passed",
      "steps" : [ ],
      "attachments" : [ ],
      "parameters" : [ ],
      "shouldDisplayMessage" : false,
      "attachmentsCount" : 0,
      "stepsCount" : 0,
      "hasContent" : false
    }, {
      "name" : "点击学习群",
      "time" : {
        "start" : 1587003648675,
        "stop" : 1587003652313,
        "duration" : 3638
      },
      "status" : "passed",
      "steps" : [ ],
      "attachments" : [ ],
      "parameters" : [ ],
      "shouldDisplayMessage" : false,
      "attachmentsCount" : 0,
      "stepsCount" : 0,
      "hasContent" : false
    }, {
      "name" : "选择创建学习讨论小组",
      "time" : {
        "start" : 1587003652313,
        "stop" : 1587003712642,
        "duration" : 60329
      },
      "status" : "failed",
      "statusMessage" : "AssertionError: assert False == True\n  -False\n  +True\n",
      "statusTrace" : "  File \"D:\\jenkins\\workspace\\Timing\\scripts\\test_024_createGroup.py\", line 31, in test_discussTeam\n    assert self.page.create_group().waitAndfind_createdDiscussTeam() == True\n",
      "steps" : [ ],
      "attachments" : [ ],
      "parameters" : [ ],
      "shouldDisplayMessage" : true,
      "attachmentsCount" : 0,
      "stepsCount" : 0,
      "hasContent" : true
    } ],
    "attachments" : [ ],
    "parameters" : [ ],
    "shouldDisplayMessage" : true,
    "attachmentsCount" : 0,
    "stepsCount" : 4,
    "hasContent" : true
  },
  "afterStages" : [ ],
  "labels" : [ {
    "name" : "feature",
    "value" : "创建学习群功能"
  }, {
    "name" : "story",
    "value" : "创建讨论组"
  }, {
    "name" : "suite",
    "value" : "test_024_createGroup"
  }, {
    "name" : "subSuite",
    "value" : "Test_createGroup"
  }, {
    "name" : "host",
    "value" : "PV-X00232293"
  }, {
    "name" : "thread",
    "value" : "10940-MainThread"
  }, {
    "name" : "framework",
    "value" : "pytest"
  }, {
    "name" : "language",
    "value" : "cpython3"
  }, {
    "name" : "package",
    "value" : "test_024_createGroup"
  }, {
    "name" : "resultFormat",
    "value" : "allure2"
  } ],
  "parameters" : [ ],
  "links" : [ ],
  "hidden" : false,
  "retry" : false,
  "extra" : {
    "severity" : "normal",
    "retries" : [ {
      "uid" : "1dbdb9dee1476f2c",
      "status" : "failed",
      "statusDetails" : "AssertionError: assert False == True\n  -False\n  +True",
      "time" : {
        "start" : 1586856662015,
        "stop" : 1586856737486,
        "duration" : 75471
      }
    }, {
      "uid" : "2b750fe5d079c503",
      "status" : "failed",
      "statusDetails" : "AssertionError: assert False == True\n  -False\n  +True",
      "time" : {
        "start" : 1586853417544,
        "stop" : 1586853487851,
        "duration" : 70307
      }
    } ],
    "categories" : [ {
      "name" : "Product defects",
      "matchedStatuses" : [ ],
      "flaky" : false
    } ],
    "history" : {
      "statistic" : {
        "failed" : 2,
        "broken" : 0,
        "skipped" : 0,
        "passed" : 0,
        "unknown" : 0,
        "total" : 2
      },
      "items" : [ {
        "uid" : "7aaf5053876ae57e",
        "reportUrl" : "http://192.168.88.58:8080/job/Timing/17/allure/#testresult/7aaf5053876ae57e",
        "status" : "failed",
        "statusDetails" : "AssertionError: assert False == True\n  -False\n  +True",
        "time" : {
          "start" : 1586507956349,
          "stop" : 1586508035845,
          "duration" : 79496
        }
      } ]
    },
    "tags" : [ ]
  },
  "source" : "9a072603d97eae4a.json",
  "parameterValues" : [ ]
}