{
  "uid" : "c61eca89214496d3",
  "name" : "test_timingService",
  "fullName" : "test_021_channelCheck.Test_channelCheck#test_timingService",
  "historyId" : "87a51570a60f2340ae75ec89dbbec23d",
  "time" : {
    "start" : 1587003379628,
    "stop" : 1587003425500,
    "duration" : 45872
  },
  "status" : "failed",
  "statusMessage" : "AssertionError: assert False == True\n  -False\n  +True",
  "statusTrace" : "self = <scripts.test_021_channelCheck.Test_channelCheck object at 0x000001C64F7B5D30>\n\n    @allure.story('Timing小书童channel')\n    def test_timingService(self):\n        with allure.step('进入消息页面'):\n            self.page.message().click_messageBtn()\n        with allure.step('滑动寻找Timing小书童channel'):\n            i = 0\n            while i < 3:\n                # 如果在规定时间找到该元素，则跳出循环\n                if self.page.message().check_timingService()== True:\n                    break\n                # 如果没有找到，向上滑动页面继续找\n                else:\n                    self.page.message().swipeByMessage()\n                    i += 1\n        with allure.step('校验结果'):\n>           assert self.page.message().waitAndfind_timingService()== True\nE           assert False == True\nE             -False\nE             +True\n\ntest_021_channelCheck.py:37: AssertionError",
  "flaky" : true,
  "beforeStages" : [ ],
  "testStage" : {
    "status" : "failed",
    "statusMessage" : "AssertionError: assert False == True\n  -False\n  +True",
    "statusTrace" : "self = <scripts.test_021_channelCheck.Test_channelCheck object at 0x000001C64F7B5D30>\n\n    @allure.story('Timing小书童channel')\n    def test_timingService(self):\n        with allure.step('进入消息页面'):\n            self.page.message().click_messageBtn()\n        with allure.step('滑动寻找Timing小书童channel'):\n            i = 0\n            while i < 3:\n                # 如果在规定时间找到该元素，则跳出循环\n                if self.page.message().check_timingService()== True:\n                    break\n                # 如果没有找到，向上滑动页面继续找\n                else:\n                    self.page.message().swipeByMessage()\n                    i += 1\n        with allure.step('校验结果'):\n>           assert self.page.message().waitAndfind_timingService()== True\nE           assert False == True\nE             -False\nE             +True\n\ntest_021_channelCheck.py:37: AssertionError",
    "steps" : [ {
      "name" : "进入消息页面",
      "time" : {
        "start" : 1587003379628,
        "stop" : 1587003393738,
        "duration" : 14110
      },
      "status" : "passed",
      "steps" : [ ],
      "attachments" : [ ],
      "parameters" : [ ],
      "shouldDisplayMessage" : false,
      "attachmentsCount" : 0,
      "stepsCount" : 0,
      "hasContent" : false
    }, {
      "name" : "滑动寻找Timing小书童channel",
      "time" : {
        "start" : 1587003393738,
        "stop" : 1587003394227,
        "duration" : 489
      },
      "status" : "passed",
      "steps" : [ ],
      "attachments" : [ ],
      "parameters" : [ ],
      "shouldDisplayMessage" : false,
      "attachmentsCount" : 0,
      "stepsCount" : 0,
      "hasContent" : false
    }, {
      "name" : "校验结果",
      "time" : {
        "start" : 1587003394227,
        "stop" : 1587003425500,
        "duration" : 31273
      },
      "status" : "failed",
      "statusMessage" : "AssertionError: assert False == True\n  -False\n  +True\n",
      "statusTrace" : "  File \"D:\\jenkins\\workspace\\Timing\\scripts\\test_021_channelCheck.py\", line 37, in test_timingService\n    assert self.page.message().waitAndfind_timingService()== True\n",
      "steps" : [ ],
      "attachments" : [ ],
      "parameters" : [ ],
      "shouldDisplayMessage" : true,
      "attachmentsCount" : 0,
      "stepsCount" : 0,
      "hasContent" : true
    } ],
    "attachments" : [ ],
    "parameters" : [ ],
    "shouldDisplayMessage" : true,
    "attachmentsCount" : 0,
    "stepsCount" : 3,
    "hasContent" : true
  },
  "afterStages" : [ ],
  "labels" : [ {
    "name" : "feature",
    "value" : "消息页channel展示"
  }, {
    "name" : "story",
    "value" : "Timing小书童channel"
  }, {
    "name" : "suite",
    "value" : "test_021_channelCheck"
  }, {
    "name" : "subSuite",
    "value" : "Test_channelCheck"
  }, {
    "name" : "host",
    "value" : "PV-X00232293"
  }, {
    "name" : "thread",
    "value" : "10940-MainThread"
  }, {
    "name" : "framework",
    "value" : "pytest"
  }, {
    "name" : "language",
    "value" : "cpython3"
  }, {
    "name" : "package",
    "value" : "test_021_channelCheck"
  }, {
    "name" : "resultFormat",
    "value" : "allure2"
  } ],
  "parameters" : [ ],
  "links" : [ ],
  "hidden" : false,
  "retry" : false,
  "extra" : {
    "severity" : "normal",
    "retries" : [ {
      "uid" : "2a25bda3f973182",
      "status" : "failed",
      "statusDetails" : "AssertionError: assert False == True\n  -False\n  +True",
      "time" : {
        "start" : 1586856377096,
        "stop" : 1586856421225,
        "duration" : 44129
      }
    }, {
      "uid" : "6cb101b570dcae4a",
      "status" : "failed",
      "statusDetails" : "AssertionError: assert False == True\n  -False\n  +True",
      "time" : {
        "start" : 1586853219210,
        "stop" : 1586853259054,
        "duration" : 39844
      }
    }, {
      "uid" : "533be38f2e9a090c",
      "status" : "passed",
      "time" : {
        "start" : 1586158951701,
        "stop" : 1586158961163,
        "duration" : 9462
      }
    }, {
      "uid" : "f5b3bad5a978c538",
      "status" : "passed",
      "time" : {
        "start" : 1586146733018,
        "stop" : 1586146738744,
        "duration" : 5726
      }
    } ],
    "categories" : [ {
      "name" : "Product defects",
      "matchedStatuses" : [ ],
      "flaky" : false
    } ],
    "history" : {
      "statistic" : {
        "failed" : 2,
        "broken" : 0,
        "skipped" : 0,
        "passed" : 1,
        "unknown" : 0,
        "total" : 3
      },
      "items" : [ {
        "uid" : "8c116c86e45d995b",
        "reportUrl" : "http://192.168.88.58:8080/job/Timing/17/allure/#testresult/8c116c86e45d995b",
        "status" : "failed",
        "statusDetails" : "AssertionError: assert False == True\n  -False\n  +True",
        "time" : {
          "start" : 1586507712678,
          "stop" : 1586507758410,
          "duration" : 45732
        }
      }, {
        "uid" : "bca5adb4bf276903",
        "reportUrl" : "http://192.168.88.58:8080/job/Timing/16/allure/#testresult/bca5adb4bf276903",
        "status" : "passed",
        "time" : {
          "start" : 1586158951701,
          "stop" : 1586158961163,
          "duration" : 9462
        }
      } ]
    },
    "tags" : [ ]
  },
  "source" : "c61eca89214496d3.json",
  "parameterValues" : [ ]
}